<?xml version="1.0" encoding="UTF-8"?>
<robot generator="Robot 7.1.1 (Python 3.12.3 on linux)" generated="2024-12-25T20:58:40.101574" rpa="false" schemaversion="5">
<suite id="s1" name="Test Temperature Critical" source="/home/kamel/Desktop/TP_Ahed/TP-Testing/TP-3/test/test_temperature_critical.robot">
<test id="s1-t1" name="Gestion Température Critique Et Alerte" line="6">
<kw name="Set Variable" owner="BuiltIn">
<msg time="2024-12-25T20:58:40.135405" level="INFO">${temperature} = 120</msg>
<var>${temperature}</var>
<arg>120</arg>
<doc>Returns the given values which can then be assigned to a variables.</doc>
<status status="PASS" start="2024-12-25T20:58:40.135183" elapsed="0.000259"/>
</kw>
<kw name="Run Keyword And Return Status" owner="BuiltIn">
<kw name="Température Doit ÊTre Valide" owner="keywords">
<kw name="Is Valid Temperature" owner="utils">
<msg time="2024-12-25T20:58:40.136500" level="INFO">${result} = False</msg>
<var>${result}</var>
<arg>${temperature}</arg>
<doc>Vérifie si la température est dans la plage valide en utilisant les seuils configurés.</doc>
<status status="PASS" start="2024-12-25T20:58:40.136324" elapsed="0.000205"/>
</kw>
<kw name="Should Be True" owner="BuiltIn">
<msg time="2024-12-25T20:58:40.136893" level="FAIL">Température non valide: 120</msg>
<arg>${result}</arg>
<arg>Température non valide: ${temperature}</arg>
<doc>Fails if the given condition is not true.</doc>
<status status="FAIL" start="2024-12-25T20:58:40.136640" elapsed="0.000391">Température non valide: 120</status>
</kw>
<kw name="Log" owner="BuiltIn">
<arg>Température validée: ${temperature}</arg>
<doc>Logs the given message with the given level.</doc>
<status status="NOT RUN" start="2024-12-25T20:58:40.137157" elapsed="0.000021"/>
</kw>
<arg>${temperature}</arg>
<status status="FAIL" start="2024-12-25T20:58:40.135989" elapsed="0.001308">Température non valide: 120</status>
</kw>
<msg time="2024-12-25T20:58:40.137388" level="INFO">${is_valid} = False</msg>
<var>${is_valid}</var>
<arg>Température Doit ÊTre Valide</arg>
<arg>${temperature}</arg>
<doc>Runs the given keyword with given arguments and returns the status as a Boolean value.</doc>
<status status="PASS" start="2024-12-25T20:58:40.135691" elapsed="0.001719"/>
</kw>
<kw name="Should Not Be True" owner="BuiltIn">
<arg>${is_valid}</arg>
<arg>La température devrait être invalide.</arg>
<doc>Fails if the given condition is true.</doc>
<status status="PASS" start="2024-12-25T20:58:40.137606" elapsed="0.000258"/>
</kw>
<kw name="Run Keyword If" owner="BuiltIn">
<kw name="Tester Action Température" owner="keywords">
<kw name="Convert To Number" owner="BuiltIn">
<msg time="2024-12-25T20:58:40.139717" level="INFO">${temperature} = 120.0</msg>
<var>${temperature}</var>
<arg>${temperature}</arg>
<doc>Converts the given item to a floating point number.</doc>
<status status="PASS" start="2024-12-25T20:58:40.139391" elapsed="0.000370"/>
</kw>
<kw name="Control Temperature" owner="actuator">
<msg time="2024-12-25T20:58:40.140193" level="INFO">${action} = Fan activated</msg>
<var>${action}</var>
<arg>${temperature}</arg>
<doc>Simule l'activation d'un chauffage ou d'un ventilateur en fonction de la température.
Si la température est trop basse, active le chauffage.
Si elle est trop haute, active le ventilateur.</doc>
<status status="PASS" start="2024-12-25T20:58:40.139950" elapsed="0.000292"/>
</kw>
<return>
<value>${action}</value>
<status status="PASS" start="2024-12-25T20:58:40.140335" elapsed="0.000099"/>
</return>
<arg>${temperature}</arg>
<status status="PASS" start="2024-12-25T20:58:40.138793" elapsed="0.001828"/>
</kw>
<arg>${temperature} &lt; 0 or ${temperature} &gt; 100</arg>
<arg>Tester Action Température</arg>
<arg>${temperature}</arg>
<arg>ELSE</arg>
<arg>Log</arg>
<arg>Aucun action ne doit être prise.</arg>
<doc>Runs the given keyword with the given arguments, if ``condition`` is true.</doc>
<status status="PASS" start="2024-12-25T20:58:40.138132" elapsed="0.002569"/>
</kw>
<kw name="Run Keyword If" owner="BuiltIn">
<kw name="Tester Notification Température Hors Plage" owner="keywords">
<kw name="Send Notification" owner="notifier">
<msg time="2024-12-25T20:58:40.142130" level="INFO">Notification: Alerte : Température hors plage (120°C)</msg>
<arg>Alerte : Température hors plage (${temperature}°C)</arg>
<doc>Envoie une notification pour alerter un problème de température.</doc>
<status status="PASS" start="2024-12-25T20:58:40.141906" elapsed="0.000318"/>
</kw>
<kw name="Log" owner="BuiltIn">
<msg time="2024-12-25T20:58:40.142590" level="INFO">Notification envoyée avec succès pour 120°C</msg>
<arg>Notification envoyée avec succès pour ${temperature}°C</arg>
<doc>Logs the given message with the given level.</doc>
<status status="PASS" start="2024-12-25T20:58:40.142387" elapsed="0.000273"/>
</kw>
<arg>${temperature}</arg>
<status status="PASS" start="2024-12-25T20:58:40.141507" elapsed="0.001248"/>
</kw>
<arg>${temperature} &lt; 0 or ${temperature} &gt; 100</arg>
<arg>Tester Notification Température Hors Plage</arg>
<arg>${temperature}</arg>
<arg>ELSE</arg>
<arg>Log</arg>
<arg>Aucune notification nécessaire.</arg>
<doc>Runs the given keyword with the given arguments, if ``condition`` is true.</doc>
<status status="PASS" start="2024-12-25T20:58:40.140975" elapsed="0.001851"/>
</kw>
<kw name="Log" owner="BuiltIn">
<msg time="2024-12-25T20:58:40.143275" level="INFO">Test E2E terminé avec succès.</msg>
<arg>Test E2E terminé avec succès.</arg>
<doc>Logs the given message with the given level.</doc>
<status status="PASS" start="2024-12-25T20:58:40.143096" elapsed="0.000257"/>
</kw>
<doc>Gestion d'une température critique dépassant les seuils acceptables.</doc>
<status status="PASS" start="2024-12-25T20:58:40.132778" elapsed="0.010827"/>
</test>
<status status="PASS" start="2024-12-25T20:58:40.102827" elapsed="0.041422"/>
</suite>
<statistics>
<total>
<stat pass="1" fail="0" skip="0">All Tests</stat>
</total>
<tag>
</tag>
<suite>
<stat pass="1" fail="0" skip="0" id="s1" name="Test Temperature Critical">Test Temperature Critical</stat>
</suite>
</statistics>
<errors>
</errors>
</robot>
