<?xml version="1.0" encoding="UTF-8"?>
<robot generator="Robot 7.1.1 (Python 3.12.3 on linux)" generated="2024-12-25T12:23:59.615482" rpa="false" schemaversion="5">
<suite id="s1" name="Test Temperature Critical" source="/home/kamel/Desktop/TP_STQB/TP-Testing/TP-3/test/test_temperature_critical.robot">
<test id="s1-t1" name="Gestion Température Critique Et Alerte" line="6">
<kw name="Log" owner="BuiltIn">
<msg time="2024-12-25T12:23:59.653407" level="INFO">Fixation de la température à 120°C pour le scénario critique.</msg>
<arg>Fixation de la température à 120°C pour le scénario critique.</arg>
<doc>Logs the given message with the given level.</doc>
<status status="PASS" start="2024-12-25T12:23:59.653234" elapsed="0.000241"/>
</kw>
<kw name="Set Variable" owner="BuiltIn">
<msg time="2024-12-25T12:23:59.655147" level="INFO">${temperature} = 120</msg>
<var>${temperature}</var>
<arg>120</arg>
<doc>Returns the given values which can then be assigned to a variables.</doc>
<status status="PASS" start="2024-12-25T12:23:59.653704" elapsed="0.001483"/>
</kw>
<kw name="Log" owner="BuiltIn">
<msg time="2024-12-25T12:23:59.655593" level="INFO">Vérification que la température est invalide.</msg>
<arg>Vérification que la température est invalide.</arg>
<doc>Logs the given message with the given level.</doc>
<status status="PASS" start="2024-12-25T12:23:59.655446" elapsed="0.000196"/>
</kw>
<kw name="Run Keyword And Return Status" owner="BuiltIn">
<kw name="Température Doit ÊTre Valide" owner="keywords">
<kw name="Is Valid Temperature" owner="utils">
<msg time="2024-12-25T12:23:59.656629" level="INFO">${result} = False</msg>
<var>${result}</var>
<arg>${temperature}</arg>
<doc>Vérifie si la température est dans la plage valide en utilisant les seuils configurés.</doc>
<status status="PASS" start="2024-12-25T12:23:59.656464" elapsed="0.000191"/>
</kw>
<kw name="Should Be True" owner="BuiltIn">
<msg time="2024-12-25T12:23:59.657011" level="FAIL">Température non valide: 120</msg>
<arg>${result}</arg>
<arg>Température non valide: ${temperature}</arg>
<doc>Fails if the given condition is not true.</doc>
<status status="FAIL" start="2024-12-25T12:23:59.656756" elapsed="0.000487">Température non valide: 120</status>
</kw>
<kw name="Log" owner="BuiltIn">
<arg>Température validée: ${temperature}</arg>
<doc>Logs the given message with the given level.</doc>
<status status="NOT RUN" start="2024-12-25T12:23:59.657489" elapsed="0.000047"/>
</kw>
<arg>${temperature}</arg>
<status status="FAIL" start="2024-12-25T12:23:59.656084" elapsed="0.001655">Température non valide: 120</status>
</kw>
<msg time="2024-12-25T12:23:59.657931" level="INFO">${result} = False</msg>
<var>${result}</var>
<arg>Température Doit ÊTre Valide</arg>
<arg>${temperature}</arg>
<doc>Runs the given keyword with given arguments and returns the status as a Boolean value.</doc>
<status status="PASS" start="2024-12-25T12:23:59.655823" elapsed="0.002157"/>
</kw>
<kw name="Should Not Be True" owner="BuiltIn">
<arg>${result}</arg>
<arg>La température devrait être invalide.</arg>
<doc>Fails if the given condition is true.</doc>
<status status="PASS" start="2024-12-25T12:23:59.658301" elapsed="0.000244"/>
</kw>
<kw name="Log" owner="BuiltIn">
<msg time="2024-12-25T12:23:59.658973" level="INFO">Vérification qu'aucune action n'est prise pour une température hors des seuils.</msg>
<arg>Vérification qu'aucune action n'est prise pour une température hors des seuils.</arg>
<doc>Logs the given message with the given level.</doc>
<status status="PASS" start="2024-12-25T12:23:59.658812" elapsed="0.000214"/>
</kw>
<kw name="Run Keyword If" owner="BuiltIn">
<kw name="Tester Action Température" owner="keywords">
<kw name="Convert To Number" owner="BuiltIn">
<msg time="2024-12-25T12:23:59.660819" level="INFO">${temperature} = 120.0</msg>
<var>${temperature}</var>
<arg>${temperature}</arg>
<doc>Converts the given item to a floating point number.</doc>
<status status="PASS" start="2024-12-25T12:23:59.660546" elapsed="0.000304"/>
</kw>
<kw name="Control Temperature" owner="actuator">
<msg time="2024-12-25T12:23:59.661165" level="INFO">${action} = Fan activated</msg>
<var>${action}</var>
<arg>${temperature}</arg>
<doc>Simule l'activation d'un chauffage ou d'un ventilateur en fonction de la température.
Si la température est trop basse, active le chauffage.
Si elle est trop haute, active le ventilateur.</doc>
<status status="PASS" start="2024-12-25T12:23:59.660980" elapsed="0.000209"/>
</kw>
<return>
<value>${action}</value>
<status status="PASS" start="2024-12-25T12:23:59.661250" elapsed="0.000078"/>
</return>
<arg>${temperature}</arg>
<status status="PASS" start="2024-12-25T12:23:59.659992" elapsed="0.001572"/>
</kw>
<arg>${temperature} &lt; 0 or ${temperature} &gt; 100</arg>
<arg>Tester Action Température</arg>
<arg>${temperature}</arg>
<arg>ELSE</arg>
<arg>Log</arg>
<arg>Aucun action ne doit être prise pour une température de: ${temperature}</arg>
<doc>Runs the given keyword with the given arguments, if ``condition`` is true.</doc>
<status status="PASS" start="2024-12-25T12:23:59.659320" elapsed="0.002328"/>
</kw>
<kw name="Log" owner="BuiltIn">
<msg time="2024-12-25T12:23:59.662118" level="INFO">Vérification qu'une notification est envoyée pour alerter d'une température critique.</msg>
<arg>Vérification qu'une notification est envoyée pour alerter d'une température critique.</arg>
<doc>Logs the given message with the given level.</doc>
<status status="PASS" start="2024-12-25T12:23:59.661942" elapsed="0.000252"/>
</kw>
<kw name="Run Keyword If" owner="BuiltIn">
<kw name="Tester Notification Température Hors Plage" owner="keywords">
<kw name="Send Notification" owner="notifier">
<msg time="2024-12-25T12:23:59.663807" level="INFO">Notification: Alerte : Température hors plage (120°C)</msg>
<arg>Alerte : Température hors plage (${temperature}°C)</arg>
<doc>Envoie une notification pour alerter un problème de température.</doc>
<status status="PASS" start="2024-12-25T12:23:59.663503" elapsed="0.000388"/>
</kw>
<kw name="Log" owner="BuiltIn">
<msg time="2024-12-25T12:23:59.664370" level="INFO">Notification envoyée avec succès pour 120°C</msg>
<arg>Notification envoyée avec succès pour ${temperature}°C</arg>
<doc>Logs the given message with the given level.</doc>
<status status="PASS" start="2024-12-25T12:23:59.664094" elapsed="0.000368"/>
</kw>
<arg>${temperature}</arg>
<status status="PASS" start="2024-12-25T12:23:59.663021" elapsed="0.001554"/>
</kw>
<arg>${temperature} &lt; 0 or ${temperature} &gt; 100</arg>
<arg>Tester Notification Température Hors Plage</arg>
<arg>${temperature}</arg>
<arg>ELSE</arg>
<arg>Log</arg>
<arg>Aucune notification nécessaire pour une température de: ${temperature}°C</arg>
<doc>Runs the given keyword with the given arguments, if ``condition`` is true.</doc>
<status status="PASS" start="2024-12-25T12:23:59.662490" elapsed="0.002164"/>
</kw>
<kw name="Log" owner="BuiltIn">
<msg time="2024-12-25T12:23:59.665269" level="INFO">Test E2E terminé avec succès.</msg>
<arg>Test E2E terminé avec succès.</arg>
<doc>Logs the given message with the given level.</doc>
<status status="PASS" start="2024-12-25T12:23:59.665023" elapsed="0.000360"/>
</kw>
<doc>Test E2E pour gérer une température critique dépassant les seuils acceptables.</doc>
<status status="PASS" start="2024-12-25T12:23:59.652262" elapsed="0.013405"/>
</test>
<status status="PASS" start="2024-12-25T12:23:59.616863" elapsed="0.049601"/>
</suite>
<statistics>
<total>
<stat pass="1" fail="0" skip="0">All Tests</stat>
</total>
<tag>
</tag>
<suite>
<stat pass="1" fail="0" skip="0" id="s1" name="Test Temperature Critical">Test Temperature Critical</stat>
</suite>
</statistics>
<errors>
</errors>
</robot>
