<?xml version="1.0" encoding="UTF-8"?>
<robot generator="Robot 7.1.1 (Python 3.12.7 on win32)" generated="2024-12-21T15:11:05.002633" rpa="false" schemaversion="5">
<suite id="s1" name="Test Temperature Critical" source="C:\Users\bendh\TP-Testing\TP-3\test\test_temperature_critical.robot">
<test id="s1-t1" name="Test Gestion Température Critique" line="14">
<kw name="Log" owner="BuiltIn">
<msg time="2024-12-21T15:11:05.045405" level="INFO">Étape 1: Simulation d'une température de 120°C</msg>
<arg>Étape 1: Simulation d'une température de ${TEMP_CRITIQUE}°C</arg>
<doc>Logs the given message with the given level.</doc>
<status status="PASS" start="2024-12-21T15:11:05.045405" elapsed="0.000000"/>
</kw>
<kw name="Simuler Lecture Température" owner="keywords">
<if>
<branch type="IF" condition="&quot;${custom_value}&quot; == &quot;${NONE}&quot;">
<kw name="Read Temperature" owner="Sensor">
<var>${temperature}</var>
<doc>Simule la lecture d'une température par un capteur.
Si une valeur personnalisée est fournie, elle est utilisée.
Sinon, retourne une température aléatoire dans la plage [0, 100]°C.</doc>
<status status="NOT RUN" start="2024-12-21T15:11:05.046416" elapsed="0.000000"/>
</kw>
<status status="NOT RUN" start="2024-12-21T15:11:05.046416" elapsed="0.000000"/>
</branch>
<branch type="ELSE">
<kw name="Read Temperature" owner="Sensor">
<msg time="2024-12-21T15:11:05.046416" level="INFO">${temperature} = 120.0</msg>
<var>${temperature}</var>
<arg>${custom_value}</arg>
<doc>Simule la lecture d'une température par un capteur.
Si une valeur personnalisée est fournie, elle est utilisée.
Sinon, retourne une température aléatoire dans la plage [0, 100]°C.</doc>
<status status="PASS" start="2024-12-21T15:11:05.046416" elapsed="0.000000"/>
</kw>
<status status="PASS" start="2024-12-21T15:11:05.046416" elapsed="0.000000"/>
</branch>
<status status="PASS" start="2024-12-21T15:11:05.046416" elapsed="0.000000"/>
</if>
<kw name="Convert To Number" owner="BuiltIn">
<msg time="2024-12-21T15:11:05.047417" level="INFO">${temperature} = 120.0</msg>
<var>${temperature}</var>
<arg>${temperature}</arg>
<doc>Converts the given item to a floating point number.</doc>
<status status="PASS" start="2024-12-21T15:11:05.046416" elapsed="0.001001"/>
</kw>
<return>
<value>${temperature}</value>
<status status="PASS" start="2024-12-21T15:11:05.047417" elapsed="0.000000"/>
</return>
<msg time="2024-12-21T15:11:05.047417" level="INFO">${temperature} = 120.0</msg>
<var>${temperature}</var>
<arg>${TEMP_CRITIQUE}</arg>
<status status="PASS" start="2024-12-21T15:11:05.045405" elapsed="0.002012"/>
</kw>
<kw name="Log" owner="BuiltIn">
<msg time="2024-12-21T15:11:05.047417" level="INFO">Étape 2: Vérification que la température est invalide</msg>
<arg>Étape 2: Vérification que la température est invalide</arg>
<doc>Logs the given message with the given level.</doc>
<status status="PASS" start="2024-12-21T15:11:05.047417" elapsed="0.000000"/>
</kw>
<kw name="Run Keyword And Expect Error" owner="BuiltIn">
<kw name="Température Doit Être Valide" owner="keywords">
<kw name="Convert To Number" owner="BuiltIn">
<msg time="2024-12-21T15:11:05.048414" level="INFO">${temp_float} = 120.0</msg>
<var>${temp_float}</var>
<arg>${temperature}</arg>
<doc>Converts the given item to a floating point number.</doc>
<status status="PASS" start="2024-12-21T15:11:05.048414" elapsed="0.000000"/>
</kw>
<kw name="Should Be True" owner="BuiltIn">
<msg time="2024-12-21T15:11:05.048414" level="FAIL">La température 120.0 n'est pas dans la plage valide [0, 100]</msg>
<arg>${TEMP_MIN} &lt;= ${temp_float} &lt;= ${TEMP_MAX}</arg>
<arg>msg=La température ${temperature} n'est pas dans la plage valide [${TEMP_MIN}, ${TEMP_MAX}]</arg>
<doc>Fails if the given condition is not true.</doc>
<status status="FAIL" start="2024-12-21T15:11:05.048414" elapsed="0.000000">La température 120.0 n'est pas dans la plage valide [0, 100]</status>
</kw>
<arg>${temperature}</arg>
<status status="FAIL" start="2024-12-21T15:11:05.048414" elapsed="0.001000">La température 120.0 n'est pas dans la plage valide [0, 100]</status>
</kw>
<arg>*La température ${TEMP_CRITIQUE}*n'est pas dans la plage valide*</arg>
<arg>Température Doit Être Valide</arg>
<arg>${temperature}</arg>
<doc>Runs the keyword and checks that the expected error occurred.</doc>
<status status="PASS" start="2024-12-21T15:11:05.047417" elapsed="0.001997"/>
</kw>
<kw name="Log" owner="BuiltIn">
<msg time="2024-12-21T15:11:05.049414" level="INFO">Étape 3: Vérification qu'aucune action n'est prise</msg>
<arg>Étape 3: Vérification qu'aucune action n'est prise</arg>
<doc>Logs the given message with the given level.</doc>
<status status="PASS" start="2024-12-21T15:11:05.049414" elapsed="0.000000"/>
</kw>
<kw name="Tester Action Température" owner="keywords">
<kw name="Convert To Number" owner="BuiltIn">
<msg time="2024-12-21T15:11:05.050414" level="INFO">${temp_float} = 120.0</msg>
<var>${temp_float}</var>
<arg>${temperature}</arg>
<doc>Converts the given item to a floating point number.</doc>
<status status="PASS" start="2024-12-21T15:11:05.050414" elapsed="0.000000"/>
</kw>
<kw name="Process Temperature" owner="Controller">
<msg time="2024-12-21T15:11:05.050414" level="INFO">Notification: Alerte : Température hors plage (120.0°C)</msg>
<msg time="2024-12-21T15:11:05.050414" level="INFO">${result} = (None, 'No action')</msg>
<var>${result}</var>
<arg>${temp_float}</arg>
<doc>Processus de gestion de la température lue.
Si la température est dans la plage valide, renvoie la température traitée.
Si elle est hors de la plage, envoie une alerte.
Après traitement, active l'actuateur pour ajuster la température.</doc>
<status status="PASS" start="2024-12-21T15:11:05.050414" elapsed="0.000000"/>
</kw>
<kw name="Set Variable" owner="BuiltIn">
<msg time="2024-12-21T15:11:05.050414" level="INFO">${action} = No action</msg>
<var>${action}</var>
<arg>${result}[1]</arg>
<doc>Returns the given values which can then be assigned to a variables.</doc>
<status status="PASS" start="2024-12-21T15:11:05.050414" elapsed="0.000000"/>
</kw>
<return>
<value>${action}</value>
<status status="PASS" start="2024-12-21T15:11:05.050414" elapsed="0.000000"/>
</return>
<msg time="2024-12-21T15:11:05.050414" level="INFO">${result} = No action</msg>
<var>${result}</var>
<arg>${temperature}</arg>
<status status="PASS" start="2024-12-21T15:11:05.049414" elapsed="0.001000"/>
</kw>
<kw name="Should Be Equal" owner="BuiltIn">
<arg>${result}</arg>
<arg>No action</arg>
<arg>msg=Une action incorrecte a été prise alors que la température est critique</arg>
<doc>Fails if the given objects are unequal.</doc>
<status status="PASS" start="2024-12-21T15:11:05.050414" elapsed="0.001000"/>
</kw>
<kw name="Log" owner="BuiltIn">
<msg time="2024-12-21T15:11:05.051414" level="INFO">Étape 4: Vérification de l'envoi d'une notification critique</msg>
<arg>Étape 4: Vérification de l'envoi d'une notification critique</arg>
<doc>Logs the given message with the given level.</doc>
<status status="PASS" start="2024-12-21T15:11:05.051414" elapsed="0.000000"/>
</kw>
<kw name="Tester Notification Température Hors Plage" owner="keywords">
<kw name="Convert To Number" owner="BuiltIn">
<msg time="2024-12-21T15:11:05.051414" level="INFO">${temp_float} = 120.0</msg>
<var>${temp_float}</var>
<arg>${temperature}</arg>
<doc>Converts the given item to a floating point number.</doc>
<status status="PASS" start="2024-12-21T15:11:05.051414" elapsed="0.000000"/>
</kw>
<kw name="Set Variable" owner="BuiltIn">
<msg time="2024-12-21T15:11:05.051414" level="INFO">${message} = Température hors plage détectée: 120.0°C</msg>
<var>${message}</var>
<arg>Température hors plage détectée: ${temp_float}°C</arg>
<doc>Returns the given values which can then be assigned to a variables.</doc>
<status status="PASS" start="2024-12-21T15:11:05.051414" elapsed="0.000000"/>
</kw>
<kw name="Run Keyword" owner="BuiltIn">
<kw name="Send Notification" owner="Notifier">
<msg time="2024-12-21T15:11:05.052542" level="INFO">Notification: Température hors plage détectée: 120.0°C</msg>
<arg>${message}</arg>
<doc>Envoie une notification pour alerter un problème de température.</doc>
<status status="PASS" start="2024-12-21T15:11:05.052542" elapsed="0.000000"/>
</kw>
<arg>Notifier.Send Notification</arg>
<arg>${message}</arg>
<doc>Executes the given keyword with the given arguments.</doc>
<status status="PASS" start="2024-12-21T15:11:05.051414" elapsed="0.001128"/>
</kw>
<return>
<value>${TRUE}</value>
<status status="PASS" start="2024-12-21T15:11:05.052542" elapsed="0.000000"/>
</return>
<msg time="2024-12-21T15:11:05.052542" level="INFO">${status} = True</msg>
<var>${status}</var>
<arg>${temperature}</arg>
<status status="PASS" start="2024-12-21T15:11:05.051414" elapsed="0.001128"/>
</kw>
<kw name="Should Be True" owner="BuiltIn">
<arg>${status}</arg>
<arg>msg=Aucune notification n'a été envoyée pour la température critique</arg>
<doc>Fails if the given condition is not true.</doc>
<status status="PASS" start="2024-12-21T15:11:05.052542" elapsed="0.000000"/>
</kw>
<doc>Vérifie le comportement du système avec une température critique de 120°C</doc>
<status status="PASS" start="2024-12-21T15:11:05.044006" elapsed="0.009545"/>
</test>
<doc>Test de gestion d'une température critique (120°C)
Vérifie que le système :
- Détecte une température invalide
- N'active ni chauffage ni ventilation
- Envoie une notification critique</doc>
<status status="PASS" start="2024-12-21T15:11:05.004797" elapsed="0.048754"/>
</suite>
<statistics>
<total>
<stat pass="1" fail="0" skip="0">All Tests</stat>
</total>
<tag>
</tag>
<suite>
<stat pass="1" fail="0" skip="0" id="s1" name="Test Temperature Critical">Test Temperature Critical</stat>
</suite>
</statistics>
<errors>
</errors>
</robot>
